<?xml version="1.0" encoding="UTF-8"?>
<!-- Generated by org.testng.reporters.JUnitXMLReporter -->
<testsuite hostname="DESKTOP-JJEVG5C" ignored="0" name="Default test" tests="5" failures="0" timestamp="24 Dec 2017 16:30:09 GMT" time="150.697" errors="0">
  <testcase name="logIn" time="31.362" classname="com.selenium.framework.Test.modules.Module1"/>
  <testcase name="logIn" time="31.389" classname="com.selenium.framework.Test.modules.Module1"/>
  <testcase name="logIn" time="3.763" classname="com.selenium.framework.Test.modules.Module1"/>
  <testcase name="logIn" time="31.52" classname="com.selenium.framework.Test.modules.Module1"/>
  <testcase name="logIn" time="3.687" classname="com.selenium.framework.Test.modules.Module1"/>
</testsuite> <!-- Default test -->
