<?xml version="1.0" encoding="UTF-8"?>
<testng-results skipped="0" failed="0" total="1" passed="1">
  <reporter-output>
  </reporter-output>
  <suite name="Default suite" duration-ms="9370" started-at="2017-11-17T04:54:47Z" finished-at="2017-11-17T04:54:56Z">
    <groups>
    </groups>
    <test name="Default test" duration-ms="9370" started-at="2017-11-17T04:54:47Z" finished-at="2017-11-17T04:54:56Z">
      <class name="test.LogInTest">
        <test-method status="PASS" signature="initialize()[pri:0, instance:test.LogInTest@3bfdc050]" name="initialize" is-config="true" duration-ms="6743" started-at="2017-11-16T20:54:47Z" finished-at="2017-11-16T20:54:54Z">
          <reporter-output>
          </reporter-output>
        </test-method> <!-- initialize -->
        <test-method status="PASS" signature="testLogin()[pri:0, instance:test.LogInTest@3bfdc050]" name="testLogin" duration-ms="2611" started-at="2017-11-16T20:54:54Z" finished-at="2017-11-16T20:54:56Z">
          <reporter-output>
          </reporter-output>
        </test-method> <!-- testLogin -->
      </class> <!-- test.LogInTest -->
    </test> <!-- Default test -->
  </suite> <!-- Default suite -->
</testng-results>
