<?xml version="1.0" encoding="UTF-8"?>
<testng-results skipped="0" failed="0" total="1" passed="1">
  <reporter-output>
  </reporter-output>
  <suite name="Default suite" duration-ms="18798" started-at="2017-11-19T19:21:52Z" finished-at="2017-11-19T19:22:11Z">
    <groups>
    </groups>
    <test name="Default test" duration-ms="18798" started-at="2017-11-19T19:21:52Z" finished-at="2017-11-19T19:22:11Z">
      <class name="test.LogInTest">
        <test-method status="PASS" signature="initialize()[pri:0, instance:test.LogInTest@3bfdc050]" name="initialize" is-config="true" duration-ms="13728" started-at="2017-11-19T11:21:52Z" finished-at="2017-11-19T11:22:06Z">
          <reporter-output>
          </reporter-output>
        </test-method> <!-- initialize -->
        <test-method status="PASS" signature="testLogin()[pri:0, instance:test.LogInTest@3bfdc050]" name="testLogin" duration-ms="5059" started-at="2017-11-19T11:22:06Z" finished-at="2017-11-19T11:22:11Z">
          <reporter-output>
          </reporter-output>
        </test-method> <!-- testLogin -->
      </class> <!-- test.LogInTest -->
    </test> <!-- Default test -->
  </suite> <!-- Default suite -->
</testng-results>
